<?xml version="1.0" encoding="UTF-8"?>
<!-- Generated by org.testng.reporters.JUnitReportReporter -->
<testsuite hostname="PUNRAZ.local" name="com.quiksilver.test.GuestCheckoutMultiPaymentWithDataProvider" tests="2" failures="0" timestamp="17 Aug 2014 22:53:48 GMT" time="194.861" errors="0">
  <testcase name="fillOutStep1InscriptionForm" time="88.681" classname="com.quiksilver.test.GuestCheckoutMultiPaymentWithDataProvider"/>
  <testcase name="fillOutStep1InscriptionForm" time="106.180" classname="com.quiksilver.test.GuestCheckoutMultiPaymentWithDataProvider"/>
</testsuite> <!-- com.quiksilver.test.GuestCheckoutMultiPaymentWithDataProvider -->
