<?xml version="1.0" encoding="UTF-8"?>
<!-- Generated by org.testng.reporters.JUnitReportReporter -->
<testsuite hostname="PUNRAZ.local" name="com.quiksilver.test.AccountRegistrationTest" tests="1" failures="0" timestamp="17 Aug 2014 22:53:48 GMT" time="34.239" errors="0">
  <testcase name="registrationForm" time="34.239" classname="com.quiksilver.test.AccountRegistrationTest"/>
</testsuite> <!-- com.quiksilver.test.AccountRegistrationTest -->
