<?xml version="1.0" encoding="UTF-8"?>
<!-- Generated by org.testng.reporters.JUnitReportReporter -->
<testsuite hostname="PUNRAZ.local" name="com.quiksilver.test.LoginTest" tests="2" failures="0" timestamp="17 Aug 2014 22:53:48 GMT" time="45.734" errors="0">
  <testcase name="checkoutSignInRegistered" time="23.047" classname="com.quiksilver.test.LoginTest"/>
  <testcase name="checkoutSignInRegistered" time="22.687" classname="com.quiksilver.test.LoginTest"/>
</testsuite> <!-- com.quiksilver.test.LoginTest -->
