<?xml version="1.0" encoding="UTF-8"?>
<!-- Generated by org.testng.reporters.JUnitReportReporter -->
<testsuite hostname="PUNRAZ.local" name="com.quiksilver.test.AddToCartFromPdpTest" tests="1" failures="0" timestamp="17 Aug 2014 22:53:48 GMT" time="49.000" errors="0">
  <testcase name="fromHomeToPDP" time="49.000" classname="com.quiksilver.test.AddToCartFromPdpTest"/>
</testsuite> <!-- com.quiksilver.test.AddToCartFromPdpTest -->
