<?xml version="1.0" encoding="UTF-8"?>
<!-- Generated by org.testng.reporters.JUnitReportReporter -->
<testsuite hostname="PUNRAZ.local" name="com.quiksilver.test.SearchForItemGuestCheckoutTest" tests="1" failures="0" timestamp="17 Aug 2014 22:53:48 GMT" time="139.215" errors="0">
  <testcase name="searchForItemGuestCheckout" time="139.215" classname="com.quiksilver.test.SearchForItemGuestCheckoutTest"/>
</testsuite> <!-- com.quiksilver.test.SearchForItemGuestCheckoutTest -->
