<?xml version="1.0" encoding="UTF-8"?>
<!-- Generated by org.testng.reporters.JUnitReportReporter -->
<testsuite hostname="PUNRAZ.local" name="com.quiksilver.test.AccountRegistrationTest" tests="1" failures="0" timestamp="19 Aug 2014 23:21:09 GMT" time="28.285" errors="0">
  <testcase name="registrationForm" time="28.285" classname="com.quiksilver.test.AccountRegistrationTest"/>
</testsuite>
