<?xml version="1.0" encoding="UTF-8"?>
<!-- Generated by org.testng.reporters.JUnitReportReporter -->
<testsuite hostname="PUNRAZ.local" name="com.quiksilver.test.LoginTest" tests="2" failures="0" timestamp="19 Aug 2014 23:21:09 GMT" time="24.522" errors="0">
  <testcase name="checkoutSignInRegistered" time="11.521" classname="com.quiksilver.test.LoginTest"/>
  <testcase name="checkoutSignInRegistered" time="13.001" classname="com.quiksilver.test.LoginTest"/>
</testsuite>
