<?xml version="1.0" encoding="UTF-8"?>
<!-- Generated by org.testng.reporters.JUnitReportReporter -->
<testsuite hostname="PUNRAZ.local" name="com.quiksilver.test.GuestVisaCheckoutTest" tests="1" failures="0" timestamp="19 Aug 2014 23:21:09 GMT" time="19.574" errors="0">
  <testcase name="testGuestCheckoutVisa" time="19.574" classname="com.quiksilver.test.GuestVisaCheckoutTest"/>
</testsuite>
