<?xml version="1.0" encoding="UTF-8"?>
<!-- Generated by org.testng.reporters.JUnitReportReporter -->
<testsuite hostname="PUNRAZ.local" name="com.quiksilver.test.SignedInAddToCartContinueShoppingCheckoutTest" tests="1" failures="0" timestamp="19 Aug 2014 23:21:09 GMT" time="2.293" errors="0">
  <testcase name="testSignedInAddToCartContinueShopping" time="2.293" classname="com.quiksilver.test.SignedInAddToCartContinueShoppingCheckoutTest"/>
</testsuite>
