<?xml version="1.0" encoding="UTF-8"?>
<!-- Generated by org.testng.reporters.JUnitReportReporter -->
<testsuite hostname="PUNRAZ.local" name="com.quiksilver.test.GuestCheckoutMultiPaymentWithDataProvider" tests="2" failures="0" timestamp="19 Aug 2014 23:21:09 GMT" time="50.288" errors="0">
  <testcase name="fillOutStep1InscriptionForm" time="26.878" classname="com.quiksilver.test.GuestCheckoutMultiPaymentWithDataProvider"/>
  <testcase name="fillOutStep1InscriptionForm" time="23.410" classname="com.quiksilver.test.GuestCheckoutMultiPaymentWithDataProvider"/>
</testsuite>
