<?xml version="1.0" encoding="UTF-8"?>
<!-- Generated by org.testng.reporters.JUnitReportReporter -->
<testsuite hostname="PUNRAZ.local" name="com.quiksilver.test.AddToCartFromPdpTest" tests="1" failures="0" timestamp="19 Aug 2014 23:21:09 GMT" time="44.404" errors="0">
  <testcase name="fromHomeToPDP" time="44.404" classname="com.quiksilver.test.AddToCartFromPdpTest"/>
</testsuite>
